[00:42:51] [ServerMain/INFO]: Environment: Environment[sessionHost=https://sessionserver.mojang.com, servicesHost=https://api.minecraftservices.com, name=PROD]
[00:42:52] [ServerMain/INFO]: No existing world data, creating new world
[00:42:53] [ServerMain/INFO]: Loaded 1373 recipes
[00:42:53] [ServerMain/INFO]: Loaded 1484 advancements
[00:42:53] [Server thread/INFO]: Starting minecraft server version 1.21.5
[00:42:53] [Server thread/INFO]: Loading properties
[00:42:53] [Server thread/INFO]: Default game type: SURVIVAL
[00:42:53] [Server thread/INFO]: Generating keypair
[00:42:53] [Server thread/INFO]: Starting Minecraft server on *:25565
[00:42:53] [Server thread/INFO]: Using epoll channel type
[00:42:53] [Server thread/WARN]: **** SERVER IS RUNNING IN OFFLINE/INSECURE MODE!
[00:42:53] [Server thread/WARN]: The server will make no attempt to authenticate usernames. Beware.
[00:42:53] [Server thread/WARN]: While this makes the game possible to play without internet access, it also opens up the ability for hackers to connect with any username they choose.
[00:42:53] [Server thread/WARN]: To change this, set "online-mode" to "true" in the server.properties file.
[00:42:53] [Server thread/INFO]: Preparing level "world"
[00:43:01] [Server thread/INFO]: Preparing start region for dimension minecraft:overworld
[00:43:01] [Worker-Main-1/INFO]: Preparing spawn area: 2%
[00:43:01] [Worker-Main-3/INFO]: Preparing spawn area: 2%
[00:43:02] [Worker-Main-2/INFO]: Preparing spawn area: 2%
[00:43:02] [Worker-Main-1/INFO]: Preparing spawn area: 2%
[00:43:03] [Worker-Main-3/INFO]: Preparing spawn area: 18%
[00:43:03] [Worker-Main-1/INFO]: Preparing spawn area: 18%
[00:43:04] [Worker-Main-3/INFO]: Preparing spawn area: 26%
[00:43:04] [Worker-Main-3/INFO]: Preparing spawn area: 51%
[00:43:05] [Worker-Main-1/INFO]: Preparing spawn area: 51%
[00:43:05] [Server thread/INFO]: Time elapsed: 4413 ms
[00:43:05] [Server thread/INFO]: Done (11.701s)! For help, type "help"
[00:43:11] [Server thread/INFO]: ollop78[/127.10.48.255:43531] logged in with entity id 33 at (-87.5, 73.0, 23.5)
[00:43:11] [Server thread/INFO]: ollop78 joined the game
[00:43:13] [Server thread/INFO]: williwanwan[/127.71.22.111:50227] logged in with entity id 42 at (-101.5, 70.0, 41.5)
[00:43:13] [Server thread/INFO]: williwanwan joined the game
[00:44:02] [Server thread/INFO]: ollop78 has made the advancement [Stone Age]
[00:44:31] [Server thread/INFO]: ollop78 has made the advancement [Getting an Upgrade]
[00:44:46] [Server thread/INFO]: williwanwan has made the advancement [Stone Age]
[00:44:57] [Server thread/INFO]: williwanwan has made the advancement [Getting an Upgrade]
[00:47:48] [Server thread/INFO]: williwanwan has made the advancement [Acquire Hardware]
